<?xml version="1.0" encoding="UTF-8"?>
<!-- Generated by org.testng.reporters.JUnitXMLReporter -->
<testsuite hostname="qapitol-ThinkPad-L470" ignored="0" name="Default test" tests="4" failures="0" timestamp="01 Aug 2019 09:33:55 GMT" time="1.264" errors="0">
  <testcase name="testCreatingNewEmployee" time="1.143" classname="restAssuredUsingGit.test.Test3PS"/>
  <testcase name="testUpdatingAnEmployee" time="0.03" classname="restAssuredUsingGit.test.Test3PS"/>
  <testcase name="testAllEmployees" time="0.045" classname="restAssuredUsingGit.test.Test3PS"/>
  <testcase name="testSpecificEmployee" time="0.023" classname="restAssuredUsingGit.test.Test3PS"/>
</testsuite> <!-- Default test -->
