<?xml version="1.0" encoding="UTF-8"?>
<!-- Generated by org.testng.reporters.JUnitXMLReporter -->
<testsuite hostname="qapitol-ThinkPad-L470" name="Default test" tests="4" failures="0" timestamp="31 Jul 2019 05:29:43 GMT" time="1.341" errors="0">
  <testcase name="testCreatingNewEmployee" time="1.197" classname="restAssuredEmployee.requests.Requests_to_EmployeeApp"/>
  <testcase name="testUpdatingAnEmployee" time="0.051" classname="restAssuredEmployee.requests.Requests_to_EmployeeApp"/>
  <testcase name="testAllEmployees" time="0.038" classname="restAssuredEmployee.requests.Requests_to_EmployeeApp"/>
  <testcase name="testSpecificEmployee" time="0.035" classname="restAssuredEmployee.requests.Requests_to_EmployeeApp"/>
</testsuite> <!-- Default test -->
